2024-06-14 13:53:57,958 DEBUG    Base.Commands  [Commands.py:97] [MainThread]  Command output - fc47dc10
2024-06-14 13:53:57,958 INFO     SpecsInfo.MobileSpecsInfo  [MobileSpecsInfo.py:96] [MainThread]               Command Executed : adb wait-for-device  get-serialno 
2024-06-14 13:53:57,958 INFO     SpecsInfo.MobileSpecsInfo  [MobileSpecsInfo.py:98] [MainThread]                 Command Status :                        Success
2024-06-14 13:53:57,958 INFO     SpecsInfo.MobileSpecsInfo  [MobileSpecsInfo.py:101] [MainThread]                 Command Output :                       fc47dc10
2024-06-14 13:53:57,997 DEBUG    Base.Commands  [Commands.py:97] [MainThread]  Command output - fc47dc10
2024-06-14 13:53:57,997 INFO     SpecsInfo.MobileSpecsInfo  [MobileSpecsInfo.py:96] [MainThread]               Command Executed : adb wait-for-device  get-serialno 
2024-06-14 13:53:57,997 INFO     SpecsInfo.MobileSpecsInfo  [MobileSpecsInfo.py:98] [MainThread]                 Command Status :                        Success
2024-06-14 13:53:57,997 INFO     SpecsInfo.MobileSpecsInfo  [MobileSpecsInfo.py:101] [MainThread]                 Command Output :                       fc47dc10
2024-06-14 13:53:58,192 DEBUG    Base.Commands  [Commands.py:97] [MainThread]  Command output - atoll
2024-06-14 13:53:58,192 INFO     SpecsInfo.MobileSpecsInfo  [MobileSpecsInfo.py:96] [MainThread]               Command Executed : adb wait-for-device  shell  getprop  ro.board.platform 
2024-06-14 13:53:58,192 INFO     SpecsInfo.MobileSpecsInfo  [MobileSpecsInfo.py:98] [MainThread]                 Command Status :                        Success
2024-06-14 13:53:58,193 INFO     SpecsInfo.MobileSpecsInfo  [MobileSpecsInfo.py:101] [MainThread]                 Command Output :                          atoll
2024-06-14 13:53:58,305 DEBUG    Base.Commands  [Commands.py:97] [MainThread]  Command output - Xiaomi
2024-06-14 13:53:58,305 INFO     SpecsInfo.MobileSpecsInfo  [MobileSpecsInfo.py:96] [MainThread]               Command Executed : adb wait-for-device  shell  getprop  ro.product.manufacturer 
2024-06-14 13:53:58,306 INFO     SpecsInfo.MobileSpecsInfo  [MobileSpecsInfo.py:98] [MainThread]                 Command Status :                        Success
2024-06-14 13:53:58,306 INFO     SpecsInfo.MobileSpecsInfo  [MobileSpecsInfo.py:101] [MainThread]                 Command Output :                         Xiaomi
2024-06-14 13:53:58,410 DEBUG    Base.Commands  [Commands.py:97] [MainThread]  Command output - QTI
2024-06-14 13:53:58,411 INFO     SpecsInfo.MobileSpecsInfo  [MobileSpecsInfo.py:96] [MainThread]               Command Executed : adb wait-for-device  shell  getprop  ro.soc.manufacturer 
2024-06-14 13:53:58,411 INFO     SpecsInfo.MobileSpecsInfo  [MobileSpecsInfo.py:98] [MainThread]                 Command Status :                        Success
2024-06-14 13:53:58,411 INFO     SpecsInfo.MobileSpecsInfo  [MobileSpecsInfo.py:101] [MainThread]                 Command Output :                            QTI
2024-06-14 13:53:58,536 DEBUG    Base.Commands  [Commands.py:97] [MainThread]  Command output - SM7125
2024-06-14 13:53:58,536 INFO     SpecsInfo.MobileSpecsInfo  [MobileSpecsInfo.py:96] [MainThread]               Command Executed : adb wait-for-device  shell  getprop  ro.soc.model 
2024-06-14 13:53:58,536 INFO     SpecsInfo.MobileSpecsInfo  [MobileSpecsInfo.py:98] [MainThread]                 Command Status :                        Success
2024-06-14 13:53:58,536 INFO     SpecsInfo.MobileSpecsInfo  [MobileSpecsInfo.py:101] [MainThread]                 Command Output :                         SM7125
2024-06-14 13:53:58,643 DEBUG    Base.Commands  [Commands.py:97] [MainThread]  Command output - msm
2024-06-14 13:53:58,643 INFO     SpecsInfo.MobileSpecsInfo  [MobileSpecsInfo.py:96] [MainThread]               Command Executed : adb wait-for-device  shell  getprop  ro.baseband 
2024-06-14 13:53:58,643 INFO     SpecsInfo.MobileSpecsInfo  [MobileSpecsInfo.py:98] [MainThread]                 Command Status :                        Success
2024-06-14 13:53:58,643 INFO     SpecsInfo.MobileSpecsInfo  [MobileSpecsInfo.py:101] [MainThread]                 Command Output :                            msm
2024-06-14 13:53:58,747 DEBUG    Base.Commands  [Commands.py:97] [MainThread]  Command output - dsds
2024-06-14 13:53:58,747 INFO     SpecsInfo.MobileSpecsInfo  [MobileSpecsInfo.py:96] [MainThread]               Command Executed : adb wait-for-device  shell  getprop  persist.radio.multisim.config 
2024-06-14 13:53:58,747 INFO     SpecsInfo.MobileSpecsInfo  [MobileSpecsInfo.py:98] [MainThread]                 Command Status :                        Success
2024-06-14 13:53:58,747 INFO     SpecsInfo.MobileSpecsInfo  [MobileSpecsInfo.py:101] [MainThread]                 Command Output :                           dsds
2024-06-14 13:53:58,847 DEBUG    Base.Commands  [Commands.py:97] [MainThread]  Command output - adreno
2024-06-14 13:53:58,847 INFO     SpecsInfo.MobileSpecsInfo  [MobileSpecsInfo.py:96] [MainThread]               Command Executed : adb wait-for-device  shell  getprop  ro.hardware.egl 
2024-06-14 13:53:58,847 INFO     SpecsInfo.MobileSpecsInfo  [MobileSpecsInfo.py:98] [MainThread]                 Command Status :                        Success
2024-06-14 13:53:58,847 INFO     SpecsInfo.MobileSpecsInfo  [MobileSpecsInfo.py:101] [MainThread]                 Command Output :                         adreno
2024-06-14 13:53:58,967 DEBUG    Base.Commands  [Commands.py:97] [MainThread]  Command output - 
2024-06-14 13:53:58,967 INFO     SpecsInfo.MobileSpecsInfo  [MobileSpecsInfo.py:96] [MainThread]               Command Executed : adb wait-for-device  shell  getprop  ro.hardware.nfc_nci 
2024-06-14 13:53:58,967 INFO     SpecsInfo.MobileSpecsInfo  [MobileSpecsInfo.py:98] [MainThread]                 Command Status :                        Success
2024-06-14 13:53:58,968 INFO     SpecsInfo.MobileSpecsInfo  [MobileSpecsInfo.py:101] [MainThread]                 Command Output :                               
2024-06-14 13:53:59,205 DEBUG    Base.Commands  [Commands.py:97] [MainThread]  Command output - Physical size: 1080x2400
2024-06-14 13:53:59,205 INFO     SpecsInfo.MobileSpecsInfo  [MobileSpecsInfo.py:96] [MainThread]               Command Executed : adb wait-for-device  shell  wm  size 
2024-06-14 13:53:59,205 INFO     SpecsInfo.MobileSpecsInfo  [MobileSpecsInfo.py:98] [MainThread]                 Command Status :                        Success
2024-06-14 13:53:59,205 INFO     SpecsInfo.MobileSpecsInfo  [MobileSpecsInfo.py:101] [MainThread]                 Command Output :       Physical size: 1080x2400
2024-06-14 13:53:59,374 DEBUG    Base.Commands  [Commands.py:97] [MainThread]  Command output - Physical density: 440
2024-06-14 13:53:59,374 INFO     SpecsInfo.MobileSpecsInfo  [MobileSpecsInfo.py:96] [MainThread]               Command Executed : adb wait-for-device  shell  wm  density 
2024-06-14 13:53:59,374 INFO     SpecsInfo.MobileSpecsInfo  [MobileSpecsInfo.py:98] [MainThread]                 Command Status :                        Success
2024-06-14 13:53:59,374 INFO     SpecsInfo.MobileSpecsInfo  [MobileSpecsInfo.py:101] [MainThread]                 Command Output :          Physical density: 440
2024-06-14 13:53:59,545 DEBUG    Base.Commands  [Commands.py:97] [MainThread]  Command output - free
2024-06-14 13:53:59,545 INFO     SpecsInfo.MobileSpecsInfo  [MobileSpecsInfo.py:96] [MainThread]               Command Executed : adb wait-for-device  shell  wm  user-rotation 
2024-06-14 13:53:59,545 INFO     SpecsInfo.MobileSpecsInfo  [MobileSpecsInfo.py:98] [MainThread]                 Command Status :                        Success
2024-06-14 13:53:59,545 INFO     SpecsInfo.MobileSpecsInfo  [MobileSpecsInfo.py:101] [MainThread]                 Command Output :                           free
2024-06-14 13:53:59,721 DEBUG    Base.Commands  [Commands.py:97] [MainThread]  Command output - Supports non-resizable in multi window: 0
Respects activity min width/height in multi window: 0
2024-06-14 13:53:59,721 INFO     SpecsInfo.MobileSpecsInfo  [MobileSpecsInfo.py:96] [MainThread]               Command Executed : adb wait-for-device  shell  wm  get-multi-window-config 
2024-06-14 13:53:59,721 INFO     SpecsInfo.MobileSpecsInfo  [MobileSpecsInfo.py:98] [MainThread]                 Command Status :                        Success
2024-06-14 13:53:59,722 INFO     SpecsInfo.MobileSpecsInfo  [MobileSpecsInfo.py:101] [MainThread]                 Command Output : Supports non-resizable in multi window: 0
Respects activity min width/height in multi window: 0
2024-06-14 13:53:59,837 DEBUG    Base.Commands  [Commands.py:97] [MainThread]  Command output - Android Debug Bridge version 1.0.41
Version 35.0.1-11580240
Installed as C:\Users\manid\AppData\Local\Android\Sdk\platform-tools\adb.exe
Running on Windows 10.0.19045
2024-06-14 13:53:59,837 INFO     SpecsInfo.MobileSpecsInfo  [MobileSpecsInfo.py:96] [MainThread]               Command Executed :  adb wait-for-device  version 
2024-06-14 13:53:59,837 INFO     SpecsInfo.MobileSpecsInfo  [MobileSpecsInfo.py:98] [MainThread]                 Command Status :                        Success
2024-06-14 13:53:59,837 INFO     SpecsInfo.MobileSpecsInfo  [MobileSpecsInfo.py:101] [MainThread]                 Command Output : Android Debug Bridge version 1.0.41
Version 35.0.1-11580240
Installed as C:\Users\manid\AppData\Local\Android\Sdk\platform-tools\adb.exe
Running on Windows 10.0.19045
2024-06-14 13:53:59,942 DEBUG    Base.Commands  [Commands.py:97] [MainThread]  Command output - 12
2024-06-14 13:53:59,942 INFO     SpecsInfo.MobileSpecsInfo  [MobileSpecsInfo.py:96] [MainThread]               Command Executed : adb wait-for-device  shell  getprop  ro.build.version.release 
2024-06-14 13:53:59,942 INFO     SpecsInfo.MobileSpecsInfo  [MobileSpecsInfo.py:98] [MainThread]                 Command Status :                        Success
2024-06-14 13:53:59,942 INFO     SpecsInfo.MobileSpecsInfo  [MobileSpecsInfo.py:101] [MainThread]                 Command Output :                             12
2024-06-14 13:54:00,046 DEBUG    Base.Commands  [Commands.py:97] [MainThread]  Command output - 
2024-06-14 13:54:00,046 INFO     SpecsInfo.MobileSpecsInfo  [MobileSpecsInfo.py:96] [MainThread]               Command Executed : adb wait-for-device  shell  getprop  ro.kernel.version 
2024-06-14 13:54:00,046 INFO     SpecsInfo.MobileSpecsInfo  [MobileSpecsInfo.py:98] [MainThread]                 Command Status :                        Success
2024-06-14 13:54:00,046 INFO     SpecsInfo.MobileSpecsInfo  [MobileSpecsInfo.py:101] [MainThread]                 Command Output :                               
2024-06-14 13:54:00,154 DEBUG    Base.Commands  [Commands.py:97] [MainThread]  Command output - 31
2024-06-14 13:54:00,154 INFO     SpecsInfo.MobileSpecsInfo  [MobileSpecsInfo.py:96] [MainThread]               Command Executed : adb wait-for-device  shell  getprop  ro.build.version.sdk 
2024-06-14 13:54:00,154 INFO     SpecsInfo.MobileSpecsInfo  [MobileSpecsInfo.py:98] [MainThread]                 Command Status :                        Success
2024-06-14 13:54:00,155 INFO     SpecsInfo.MobileSpecsInfo  [MobileSpecsInfo.py:101] [MainThread]                 Command Output :                             31
2024-06-14 13:54:00,261 DEBUG    Base.Commands  [Commands.py:97] [MainThread]  Command output - 31
2024-06-14 13:54:00,261 INFO     SpecsInfo.MobileSpecsInfo  [MobileSpecsInfo.py:96] [MainThread]               Command Executed : adb wait-for-device  shell  getprop  ro.product.build.version.sdk 
2024-06-14 13:54:00,262 INFO     SpecsInfo.MobileSpecsInfo  [MobileSpecsInfo.py:98] [MainThread]                 Command Status :                        Success
2024-06-14 13:54:00,262 INFO     SpecsInfo.MobileSpecsInfo  [MobileSpecsInfo.py:101] [MainThread]                 Command Output :                             31
2024-06-14 13:54:00,383 DEBUG    Base.Commands  [Commands.py:97] [MainThread]  Command output - 31
2024-06-14 13:54:00,384 INFO     SpecsInfo.MobileSpecsInfo  [MobileSpecsInfo.py:96] [MainThread]               Command Executed : adb wait-for-device  shell  getprop  ro.system.build.version.sdk 
2024-06-14 13:54:00,384 INFO     SpecsInfo.MobileSpecsInfo  [MobileSpecsInfo.py:98] [MainThread]                 Command Status :                        Success
2024-06-14 13:54:00,384 INFO     SpecsInfo.MobileSpecsInfo  [MobileSpecsInfo.py:101] [MainThread]                 Command Output :                             31
2024-06-14 13:54:00,487 DEBUG    Base.Commands  [Commands.py:97] [MainThread]  Command output - 30
2024-06-14 13:54:00,488 INFO     SpecsInfo.MobileSpecsInfo  [MobileSpecsInfo.py:96] [MainThread]               Command Executed : adb wait-for-device  shell  getprop  ro.vendor.build.version.sdk 
2024-06-14 13:54:00,488 INFO     SpecsInfo.MobileSpecsInfo  [MobileSpecsInfo.py:98] [MainThread]                 Command Status :                        Success
2024-06-14 13:54:00,488 INFO     SpecsInfo.MobileSpecsInfo  [MobileSpecsInfo.py:101] [MainThread]                 Command Output :                             30
2024-06-14 13:54:00,650 DEBUG    Base.Commands  [Commands.py:97] [MainThread]  Command output - policy0
policy6
2024-06-14 13:54:00,650 INFO     SpecsInfo.MobileSpecsInfo  [MobileSpecsInfo.py:96] [MainThread]               Command Executed : adb wait-for-device  shell  ls /sys/devices/system/cpu/cpufreq
2024-06-14 13:54:00,650 INFO     SpecsInfo.MobileSpecsInfo  [MobileSpecsInfo.py:98] [MainThread]                 Command Status :                        Success
2024-06-14 13:54:00,651 INFO     SpecsInfo.MobileSpecsInfo  [MobileSpecsInfo.py:101] [MainThread]                 Command Output :               policy0
policy6
2024-06-14 13:54:00,786 DEBUG    Base.Commands  [Commands.py:97] [MainThread]  Command output - 0 1 2 3 4 5
2024-06-14 13:54:00,786 INFO     SpecsInfo.MobileSpecsInfo  [MobileSpecsInfo.py:96] [MainThread]               Command Executed : adb wait-for-device  shell  cat /sys/devices/system/cpu/cpufreq/policy0/related_cpus
2024-06-14 13:54:00,786 INFO     SpecsInfo.MobileSpecsInfo  [MobileSpecsInfo.py:98] [MainThread]                 Command Status :                        Success
2024-06-14 13:54:00,786 INFO     SpecsInfo.MobileSpecsInfo  [MobileSpecsInfo.py:101] [MainThread]                 Command Output :                    0 1 2 3 4 5
2024-06-14 13:54:00,889 DEBUG    Base.Commands  [Commands.py:97] [MainThread]  Command output - 576000
2024-06-14 13:54:00,889 INFO     SpecsInfo.MobileSpecsInfo  [MobileSpecsInfo.py:96] [MainThread]               Command Executed : adb wait-for-device  shell  cat /sys/devices/system/cpu/cpufreq/policy0/scaling_min_freq
2024-06-14 13:54:00,890 INFO     SpecsInfo.MobileSpecsInfo  [MobileSpecsInfo.py:98] [MainThread]                 Command Status :                        Success
2024-06-14 13:54:00,890 INFO     SpecsInfo.MobileSpecsInfo  [MobileSpecsInfo.py:101] [MainThread]                 Command Output :                         576000
2024-06-14 13:54:00,989 DEBUG    Base.Commands  [Commands.py:97] [MainThread]  Command output - 1804800
2024-06-14 13:54:00,989 INFO     SpecsInfo.MobileSpecsInfo  [MobileSpecsInfo.py:96] [MainThread]               Command Executed : adb wait-for-device  shell  cat /sys/devices/system/cpu/cpufreq/policy0/scaling_max_freq
2024-06-14 13:54:00,990 INFO     SpecsInfo.MobileSpecsInfo  [MobileSpecsInfo.py:98] [MainThread]                 Command Status :                        Success
2024-06-14 13:54:00,990 INFO     SpecsInfo.MobileSpecsInfo  [MobileSpecsInfo.py:101] [MainThread]                 Command Output :                        1804800
2024-06-14 13:54:01,120 DEBUG    Base.Commands  [Commands.py:97] [MainThread]  Command output - 1612800
2024-06-14 13:54:01,120 INFO     SpecsInfo.MobileSpecsInfo  [MobileSpecsInfo.py:96] [MainThread]               Command Executed : adb wait-for-device  shell  cat /sys/devices/system/cpu/cpufreq/policy0/scaling_cur_freq
2024-06-14 13:54:01,120 INFO     SpecsInfo.MobileSpecsInfo  [MobileSpecsInfo.py:98] [MainThread]                 Command Status :                        Success
2024-06-14 13:54:01,120 INFO     SpecsInfo.MobileSpecsInfo  [MobileSpecsInfo.py:101] [MainThread]                 Command Output :                        1612800
2024-06-14 13:54:01,227 DEBUG    Base.Commands  [Commands.py:97] [MainThread]  Command output - 300000 576000 768000 1017600 1248000 1324800 1516800 1612800 1708800 1804800
2024-06-14 13:54:01,227 INFO     SpecsInfo.MobileSpecsInfo  [MobileSpecsInfo.py:96] [MainThread]               Command Executed : adb wait-for-device  shell  cat /sys/devices/system/cpu/cpufreq/policy0/scaling_available_frequencies
2024-06-14 13:54:01,227 INFO     SpecsInfo.MobileSpecsInfo  [MobileSpecsInfo.py:98] [MainThread]                 Command Status :                        Success
2024-06-14 13:54:01,227 INFO     SpecsInfo.MobileSpecsInfo  [MobileSpecsInfo.py:101] [MainThread]                 Command Output : 300000 576000 768000 1017600 1248000 1324800 1516800 1612800 1708800 1804800
2024-06-14 13:54:01,332 DEBUG    Base.Commands  [Commands.py:97] [MainThread]  Command output - conservative ondemand userspace powersave performance schedutil
2024-06-14 13:54:01,332 INFO     SpecsInfo.MobileSpecsInfo  [MobileSpecsInfo.py:96] [MainThread]               Command Executed : adb wait-for-device  shell  cat /sys/devices/system/cpu/cpufreq/policy0/scaling_available_governors
2024-06-14 13:54:01,333 INFO     SpecsInfo.MobileSpecsInfo  [MobileSpecsInfo.py:98] [MainThread]                 Command Status :                        Success
2024-06-14 13:54:01,334 INFO     SpecsInfo.MobileSpecsInfo  [MobileSpecsInfo.py:101] [MainThread]                 Command Output : conservative ondemand userspace powersave performance schedutil
2024-06-14 13:54:01,476 DEBUG    Base.Commands  [Commands.py:97] [MainThread]  Command output - schedutil
2024-06-14 13:54:01,477 INFO     SpecsInfo.MobileSpecsInfo  [MobileSpecsInfo.py:96] [MainThread]               Command Executed : adb wait-for-device  shell  cat /sys/devices/system/cpu/cpufreq/policy0/scaling_governor
2024-06-14 13:54:01,477 INFO     SpecsInfo.MobileSpecsInfo  [MobileSpecsInfo.py:98] [MainThread]                 Command Status :                        Success
2024-06-14 13:54:01,477 INFO     SpecsInfo.MobileSpecsInfo  [MobileSpecsInfo.py:101] [MainThread]                 Command Output :                      schedutil
2024-06-14 13:54:01,609 DEBUG    Base.Commands  [Commands.py:97] [MainThread]  Command output - 
2024-06-14 13:54:01,609 INFO     SpecsInfo.MobileSpecsInfo  [MobileSpecsInfo.py:96] [MainThread]               Command Executed : adb wait-for-device  shell  cat /sys/devices/system/cpu/cpufreq/policy0/../../offline
2024-06-14 13:54:01,609 INFO     SpecsInfo.MobileSpecsInfo  [MobileSpecsInfo.py:98] [MainThread]                 Command Status :                        Success
2024-06-14 13:54:01,609 INFO     SpecsInfo.MobileSpecsInfo  [MobileSpecsInfo.py:101] [MainThread]                 Command Output :                               
2024-06-14 13:54:01,733 DEBUG    Base.Commands  [Commands.py:97] [MainThread]  Command output - 0-7
2024-06-14 13:54:01,734 INFO     SpecsInfo.MobileSpecsInfo  [MobileSpecsInfo.py:96] [MainThread]               Command Executed : adb wait-for-device  shell  cat /sys/devices/system/cpu/cpufreq/policy0/../../online
2024-06-14 13:54:01,735 INFO     SpecsInfo.MobileSpecsInfo  [MobileSpecsInfo.py:98] [MainThread]                 Command Status :                        Success
2024-06-14 13:54:01,735 INFO     SpecsInfo.MobileSpecsInfo  [MobileSpecsInfo.py:101] [MainThread]                 Command Output :                            0-7
2024-06-14 13:54:01,866 DEBUG    Base.Commands  [Commands.py:97] [MainThread]  Command output - 
2024-06-14 13:54:01,867 INFO     SpecsInfo.MobileSpecsInfo  [MobileSpecsInfo.py:96] [MainThread]               Command Executed : adb wait-for-device  shell  cat /sys/devices/system/cpu/cpufreq/policy0/../../cpu_boost/input_boost_freq
2024-06-14 13:54:01,867 INFO     SpecsInfo.MobileSpecsInfo  [MobileSpecsInfo.py:98] [MainThread]                 Command Status :                        Success
2024-06-14 13:54:01,868 INFO     SpecsInfo.MobileSpecsInfo  [MobileSpecsInfo.py:101] [MainThread]                 Command Output :                               
2024-06-14 13:54:01,995 DEBUG    Base.Commands  [Commands.py:97] [MainThread]  Command output - 467
2024-06-14 13:54:01,996 INFO     SpecsInfo.MobileSpecsInfo  [MobileSpecsInfo.py:96] [MainThread]               Command Executed : adb wait-for-device  shell  cat /sys/devices/system/cpu/cpufreq/policy0/../../cpu0/cpu_capacity
2024-06-14 13:54:01,996 INFO     SpecsInfo.MobileSpecsInfo  [MobileSpecsInfo.py:98] [MainThread]                 Command Status :                        Success
2024-06-14 13:54:01,996 INFO     SpecsInfo.MobileSpecsInfo  [MobileSpecsInfo.py:101] [MainThread]                 Command Output :                            467
2024-06-14 13:54:02,136 DEBUG    Base.Commands  [Commands.py:97] [MainThread]  Command output - Processor	: AArch64 Processor rev 14 (aarch64)
2024-06-14 13:54:02,137 INFO     SpecsInfo.MobileSpecsInfo  [MobileSpecsInfo.py:96] [MainThread]               Command Executed : adb wait-for-device  shell  cat /proc/cpuinfo | grep Processor
2024-06-14 13:54:02,137 INFO     SpecsInfo.MobileSpecsInfo  [MobileSpecsInfo.py:98] [MainThread]                 Command Status :                        Success
2024-06-14 13:54:02,137 INFO     SpecsInfo.MobileSpecsInfo  [MobileSpecsInfo.py:101] [MainThread]                 Command Output : Processor	: AArch64 Processor rev 14 (aarch64)
2024-06-14 13:54:02,137 INFO     SpecsInfo.CpuSpecsInfo  [CpuSpecsInfo.py:138] [MainThread]  Core Arch : AArch64 Processor rev 14 (aarch64)
2024-06-14 13:54:02,242 DEBUG    Base.Commands  [Commands.py:97] [MainThread]  Command output - 6 7
2024-06-14 13:54:02,242 INFO     SpecsInfo.MobileSpecsInfo  [MobileSpecsInfo.py:96] [MainThread]               Command Executed : adb wait-for-device  shell  cat /sys/devices/system/cpu/cpufreq/policy6/related_cpus
2024-06-14 13:54:02,242 INFO     SpecsInfo.MobileSpecsInfo  [MobileSpecsInfo.py:98] [MainThread]                 Command Status :                        Success
2024-06-14 13:54:02,242 INFO     SpecsInfo.MobileSpecsInfo  [MobileSpecsInfo.py:101] [MainThread]                 Command Output :                            6 7
2024-06-14 13:54:02,349 DEBUG    Base.Commands  [Commands.py:97] [MainThread]  Command output - 652800
2024-06-14 13:54:02,349 INFO     SpecsInfo.MobileSpecsInfo  [MobileSpecsInfo.py:96] [MainThread]               Command Executed : adb wait-for-device  shell  cat /sys/devices/system/cpu/cpufreq/policy6/scaling_min_freq
2024-06-14 13:54:02,349 INFO     SpecsInfo.MobileSpecsInfo  [MobileSpecsInfo.py:98] [MainThread]                 Command Status :                        Success
2024-06-14 13:54:02,349 INFO     SpecsInfo.MobileSpecsInfo  [MobileSpecsInfo.py:101] [MainThread]                 Command Output :                         652800
2024-06-14 13:54:02,474 DEBUG    Base.Commands  [Commands.py:97] [MainThread]  Command output - 2323200
2024-06-14 13:54:02,474 INFO     SpecsInfo.MobileSpecsInfo  [MobileSpecsInfo.py:96] [MainThread]               Command Executed : adb wait-for-device  shell  cat /sys/devices/system/cpu/cpufreq/policy6/scaling_max_freq
2024-06-14 13:54:02,474 INFO     SpecsInfo.MobileSpecsInfo  [MobileSpecsInfo.py:98] [MainThread]                 Command Status :                        Success
2024-06-14 13:54:02,475 INFO     SpecsInfo.MobileSpecsInfo  [MobileSpecsInfo.py:101] [MainThread]                 Command Output :                        2323200
2024-06-14 13:54:02,604 DEBUG    Base.Commands  [Commands.py:97] [MainThread]  Command output - 652800
2024-06-14 13:54:02,604 INFO     SpecsInfo.MobileSpecsInfo  [MobileSpecsInfo.py:96] [MainThread]               Command Executed : adb wait-for-device  shell  cat /sys/devices/system/cpu/cpufreq/policy6/scaling_cur_freq
2024-06-14 13:54:02,604 INFO     SpecsInfo.MobileSpecsInfo  [MobileSpecsInfo.py:98] [MainThread]                 Command Status :                        Success
2024-06-14 13:54:02,605 INFO     SpecsInfo.MobileSpecsInfo  [MobileSpecsInfo.py:101] [MainThread]                 Command Output :                         652800
2024-06-14 13:54:02,719 DEBUG    Base.Commands  [Commands.py:97] [MainThread]  Command output - 652800 825600 979200 1113600 1267200 1555200 1708800 1843200 1900800 1996800 2112000 2208000 2323200
2024-06-14 13:54:02,719 INFO     SpecsInfo.MobileSpecsInfo  [MobileSpecsInfo.py:96] [MainThread]               Command Executed : adb wait-for-device  shell  cat /sys/devices/system/cpu/cpufreq/policy6/scaling_available_frequencies
2024-06-14 13:54:02,720 INFO     SpecsInfo.MobileSpecsInfo  [MobileSpecsInfo.py:98] [MainThread]                 Command Status :                        Success
2024-06-14 13:54:02,720 INFO     SpecsInfo.MobileSpecsInfo  [MobileSpecsInfo.py:101] [MainThread]                 Command Output : 652800 825600 979200 1113600 1267200 1555200 1708800 1843200 1900800 1996800 2112000 2208000 2323200
2024-06-14 13:54:02,827 DEBUG    Base.Commands  [Commands.py:97] [MainThread]  Command output - conservative ondemand userspace powersave performance schedutil
2024-06-14 13:54:02,827 INFO     SpecsInfo.MobileSpecsInfo  [MobileSpecsInfo.py:96] [MainThread]               Command Executed : adb wait-for-device  shell  cat /sys/devices/system/cpu/cpufreq/policy6/scaling_available_governors
2024-06-14 13:54:02,827 INFO     SpecsInfo.MobileSpecsInfo  [MobileSpecsInfo.py:98] [MainThread]                 Command Status :                        Success
2024-06-14 13:54:02,827 INFO     SpecsInfo.MobileSpecsInfo  [MobileSpecsInfo.py:101] [MainThread]                 Command Output : conservative ondemand userspace powersave performance schedutil
2024-06-14 13:54:02,956 DEBUG    Base.Commands  [Commands.py:97] [MainThread]  Command output - schedutil
2024-06-14 13:54:02,956 INFO     SpecsInfo.MobileSpecsInfo  [MobileSpecsInfo.py:96] [MainThread]               Command Executed : adb wait-for-device  shell  cat /sys/devices/system/cpu/cpufreq/policy6/scaling_governor
2024-06-14 13:54:02,956 INFO     SpecsInfo.MobileSpecsInfo  [MobileSpecsInfo.py:98] [MainThread]                 Command Status :                        Success
2024-06-14 13:54:02,957 INFO     SpecsInfo.MobileSpecsInfo  [MobileSpecsInfo.py:101] [MainThread]                 Command Output :                      schedutil
2024-06-14 13:54:03,086 DEBUG    Base.Commands  [Commands.py:97] [MainThread]  Command output - 
2024-06-14 13:54:03,086 INFO     SpecsInfo.MobileSpecsInfo  [MobileSpecsInfo.py:96] [MainThread]               Command Executed : adb wait-for-device  shell  cat /sys/devices/system/cpu/cpufreq/policy6/../../offline
2024-06-14 13:54:03,086 INFO     SpecsInfo.MobileSpecsInfo  [MobileSpecsInfo.py:98] [MainThread]                 Command Status :                        Success
2024-06-14 13:54:03,087 INFO     SpecsInfo.MobileSpecsInfo  [MobileSpecsInfo.py:101] [MainThread]                 Command Output :                               
2024-06-14 13:54:03,188 DEBUG    Base.Commands  [Commands.py:97] [MainThread]  Command output - 0-7
2024-06-14 13:54:03,189 INFO     SpecsInfo.MobileSpecsInfo  [MobileSpecsInfo.py:96] [MainThread]               Command Executed : adb wait-for-device  shell  cat /sys/devices/system/cpu/cpufreq/policy6/../../online
2024-06-14 13:54:03,189 INFO     SpecsInfo.MobileSpecsInfo  [MobileSpecsInfo.py:98] [MainThread]                 Command Status :                        Success
2024-06-14 13:54:03,189 INFO     SpecsInfo.MobileSpecsInfo  [MobileSpecsInfo.py:101] [MainThread]                 Command Output :                            0-7
2024-06-14 13:54:03,319 DEBUG    Base.Commands  [Commands.py:97] [MainThread]  Command output - 
2024-06-14 13:54:03,320 INFO     SpecsInfo.MobileSpecsInfo  [MobileSpecsInfo.py:96] [MainThread]               Command Executed : adb wait-for-device  shell  cat /sys/devices/system/cpu/cpufreq/policy6/../../cpu_boost/input_boost_freq
2024-06-14 13:54:03,320 INFO     SpecsInfo.MobileSpecsInfo  [MobileSpecsInfo.py:98] [MainThread]                 Command Status :                        Success
2024-06-14 13:54:03,320 INFO     SpecsInfo.MobileSpecsInfo  [MobileSpecsInfo.py:101] [MainThread]                 Command Output :                               
2024-06-14 13:54:03,454 DEBUG    Base.Commands  [Commands.py:97] [MainThread]  Command output - 1024
2024-06-14 13:54:03,455 INFO     SpecsInfo.MobileSpecsInfo  [MobileSpecsInfo.py:96] [MainThread]               Command Executed : adb wait-for-device  shell  cat /sys/devices/system/cpu/cpufreq/policy6/../../cpu6/cpu_capacity
2024-06-14 13:54:03,455 INFO     SpecsInfo.MobileSpecsInfo  [MobileSpecsInfo.py:98] [MainThread]                 Command Status :                        Success
2024-06-14 13:54:03,456 INFO     SpecsInfo.MobileSpecsInfo  [MobileSpecsInfo.py:101] [MainThread]                 Command Output :                           1024
2024-06-14 13:54:03,594 DEBUG    Base.Commands  [Commands.py:97] [MainThread]  Command output - Processor	: AArch64 Processor rev 15 (aarch64)
2024-06-14 13:54:03,594 INFO     SpecsInfo.MobileSpecsInfo  [MobileSpecsInfo.py:96] [MainThread]               Command Executed : adb wait-for-device  shell  cat /proc/cpuinfo | grep Processor
2024-06-14 13:54:03,594 INFO     SpecsInfo.MobileSpecsInfo  [MobileSpecsInfo.py:98] [MainThread]                 Command Status :                        Success
2024-06-14 13:54:03,594 INFO     SpecsInfo.MobileSpecsInfo  [MobileSpecsInfo.py:101] [MainThread]                 Command Output : Processor	: AArch64 Processor rev 15 (aarch64)
2024-06-14 13:54:03,594 INFO     SpecsInfo.CpuSpecsInfo  [CpuSpecsInfo.py:138] [MainThread]  Core Arch : AArch64 Processor rev 15 (aarch64)
