2024-06-19 12:07:31,288 DEBUG    Base.Commands  [Commands.py:97] [MainThread]  Command output - ZA222KNRRQ
2024-06-19 12:07:31,288 INFO     SpecsInfo.MobileSpecsInfo  [MobileSpecsInfo.py:96] [MainThread]               Command Executed : adb wait-for-device  get-serialno 
2024-06-19 12:07:31,289 INFO     SpecsInfo.MobileSpecsInfo  [MobileSpecsInfo.py:98] [MainThread]                 Command Status :                        Success
2024-06-19 12:07:31,289 INFO     SpecsInfo.MobileSpecsInfo  [MobileSpecsInfo.py:101] [MainThread]                 Command Output :                     ZA222KNRRQ
2024-06-19 12:07:31,339 DEBUG    Base.Commands  [Commands.py:97] [MainThread]  Command output - ZA222KNRRQ
2024-06-19 12:07:31,339 INFO     SpecsInfo.MobileSpecsInfo  [MobileSpecsInfo.py:96] [MainThread]               Command Executed : adb wait-for-device  get-serialno 
2024-06-19 12:07:31,339 INFO     SpecsInfo.MobileSpecsInfo  [MobileSpecsInfo.py:98] [MainThread]                 Command Status :                        Success
2024-06-19 12:07:31,339 INFO     SpecsInfo.MobileSpecsInfo  [MobileSpecsInfo.py:101] [MainThread]                 Command Output :                     ZA222KNRRQ
2024-06-19 12:07:31,466 DEBUG    Base.Commands  [Commands.py:97] [MainThread]  Command output - parrot
2024-06-19 12:07:31,466 INFO     SpecsInfo.MobileSpecsInfo  [MobileSpecsInfo.py:96] [MainThread]               Command Executed : adb wait-for-device  shell  getprop  ro.board.platform 
2024-06-19 12:07:31,466 INFO     SpecsInfo.MobileSpecsInfo  [MobileSpecsInfo.py:98] [MainThread]                 Command Status :                        Success
2024-06-19 12:07:31,467 INFO     SpecsInfo.MobileSpecsInfo  [MobileSpecsInfo.py:101] [MainThread]                 Command Output :                         parrot
2024-06-19 12:07:31,547 DEBUG    Base.Commands  [Commands.py:97] [MainThread]  Command output - motorola
2024-06-19 12:07:31,548 INFO     SpecsInfo.MobileSpecsInfo  [MobileSpecsInfo.py:96] [MainThread]               Command Executed : adb wait-for-device  shell  getprop  ro.product.manufacturer 
2024-06-19 12:07:31,548 INFO     SpecsInfo.MobileSpecsInfo  [MobileSpecsInfo.py:98] [MainThread]                 Command Status :                        Success
2024-06-19 12:07:31,548 INFO     SpecsInfo.MobileSpecsInfo  [MobileSpecsInfo.py:101] [MainThread]                 Command Output :                       motorola
2024-06-19 12:07:31,628 DEBUG    Base.Commands  [Commands.py:97] [MainThread]  Command output - QTI
2024-06-19 12:07:31,628 INFO     SpecsInfo.MobileSpecsInfo  [MobileSpecsInfo.py:96] [MainThread]               Command Executed : adb wait-for-device  shell  getprop  ro.soc.manufacturer 
2024-06-19 12:07:31,628 INFO     SpecsInfo.MobileSpecsInfo  [MobileSpecsInfo.py:98] [MainThread]                 Command Status :                        Success
2024-06-19 12:07:31,629 INFO     SpecsInfo.MobileSpecsInfo  [MobileSpecsInfo.py:101] [MainThread]                 Command Output :                            QTI
2024-06-19 12:07:31,722 DEBUG    Base.Commands  [Commands.py:97] [MainThread]  Command output - SM7435
2024-06-19 12:07:31,722 INFO     SpecsInfo.MobileSpecsInfo  [MobileSpecsInfo.py:96] [MainThread]               Command Executed : adb wait-for-device  shell  getprop  ro.soc.model 
2024-06-19 12:07:31,722 INFO     SpecsInfo.MobileSpecsInfo  [MobileSpecsInfo.py:98] [MainThread]                 Command Status :                        Success
2024-06-19 12:07:31,722 INFO     SpecsInfo.MobileSpecsInfo  [MobileSpecsInfo.py:101] [MainThread]                 Command Output :                         SM7435
2024-06-19 12:07:31,823 DEBUG    Base.Commands  [Commands.py:97] [MainThread]  Command output - msm
2024-06-19 12:07:31,823 INFO     SpecsInfo.MobileSpecsInfo  [MobileSpecsInfo.py:96] [MainThread]               Command Executed : adb wait-for-device  shell  getprop  ro.baseband 
2024-06-19 12:07:31,823 INFO     SpecsInfo.MobileSpecsInfo  [MobileSpecsInfo.py:98] [MainThread]                 Command Status :                        Success
2024-06-19 12:07:31,824 INFO     SpecsInfo.MobileSpecsInfo  [MobileSpecsInfo.py:101] [MainThread]                 Command Output :                            msm
2024-06-19 12:07:31,940 DEBUG    Base.Commands  [Commands.py:97] [MainThread]  Command output - dsds
2024-06-19 12:07:31,940 INFO     SpecsInfo.MobileSpecsInfo  [MobileSpecsInfo.py:96] [MainThread]               Command Executed : adb wait-for-device  shell  getprop  persist.radio.multisim.config 
2024-06-19 12:07:31,940 INFO     SpecsInfo.MobileSpecsInfo  [MobileSpecsInfo.py:98] [MainThread]                 Command Status :                        Success
2024-06-19 12:07:31,940 INFO     SpecsInfo.MobileSpecsInfo  [MobileSpecsInfo.py:101] [MainThread]                 Command Output :                           dsds
2024-06-19 12:07:32,034 DEBUG    Base.Commands  [Commands.py:97] [MainThread]  Command output - adreno
2024-06-19 12:07:32,034 INFO     SpecsInfo.MobileSpecsInfo  [MobileSpecsInfo.py:96] [MainThread]               Command Executed : adb wait-for-device  shell  getprop  ro.hardware.egl 
2024-06-19 12:07:32,034 INFO     SpecsInfo.MobileSpecsInfo  [MobileSpecsInfo.py:98] [MainThread]                 Command Status :                        Success
2024-06-19 12:07:32,034 INFO     SpecsInfo.MobileSpecsInfo  [MobileSpecsInfo.py:101] [MainThread]                 Command Output :                         adreno
2024-06-19 12:07:32,129 DEBUG    Base.Commands  [Commands.py:97] [MainThread]  Command output - 
2024-06-19 12:07:32,129 INFO     SpecsInfo.MobileSpecsInfo  [MobileSpecsInfo.py:96] [MainThread]               Command Executed : adb wait-for-device  shell  getprop  ro.hardware.nfc_nci 
2024-06-19 12:07:32,130 INFO     SpecsInfo.MobileSpecsInfo  [MobileSpecsInfo.py:98] [MainThread]                 Command Status :                        Success
2024-06-19 12:07:32,130 INFO     SpecsInfo.MobileSpecsInfo  [MobileSpecsInfo.py:101] [MainThread]                 Command Output :                               
2024-06-19 12:07:32,331 DEBUG    Base.Commands  [Commands.py:97] [MainThread]  Command output - Physical size: 1080x2400
2024-06-19 12:07:32,332 INFO     SpecsInfo.MobileSpecsInfo  [MobileSpecsInfo.py:96] [MainThread]               Command Executed : adb wait-for-device  shell  wm  size 
2024-06-19 12:07:32,332 INFO     SpecsInfo.MobileSpecsInfo  [MobileSpecsInfo.py:98] [MainThread]                 Command Status :                        Success
2024-06-19 12:07:32,332 INFO     SpecsInfo.MobileSpecsInfo  [MobileSpecsInfo.py:101] [MainThread]                 Command Output :       Physical size: 1080x2400
2024-06-19 12:07:32,465 DEBUG    Base.Commands  [Commands.py:97] [MainThread]  Command output - Physical density: 400
2024-06-19 12:07:32,465 INFO     SpecsInfo.MobileSpecsInfo  [MobileSpecsInfo.py:96] [MainThread]               Command Executed : adb wait-for-device  shell  wm  density 
2024-06-19 12:07:32,466 INFO     SpecsInfo.MobileSpecsInfo  [MobileSpecsInfo.py:98] [MainThread]                 Command Status :                        Success
2024-06-19 12:07:32,466 INFO     SpecsInfo.MobileSpecsInfo  [MobileSpecsInfo.py:101] [MainThread]                 Command Output :          Physical density: 400
2024-06-19 12:07:32,632 DEBUG    Base.Commands  [Commands.py:97] [MainThread]  Command output - lock 0
2024-06-19 12:07:32,632 INFO     SpecsInfo.MobileSpecsInfo  [MobileSpecsInfo.py:96] [MainThread]               Command Executed : adb wait-for-device  shell  wm  user-rotation 
2024-06-19 12:07:32,632 INFO     SpecsInfo.MobileSpecsInfo  [MobileSpecsInfo.py:98] [MainThread]                 Command Status :                        Success
2024-06-19 12:07:32,632 INFO     SpecsInfo.MobileSpecsInfo  [MobileSpecsInfo.py:101] [MainThread]                 Command Output :                         lock 0
2024-06-19 12:07:32,741 DEBUG    Base.Commands  [Commands.py:97] [MainThread]  Command output - Supports non-resizable in multi window: 0
Respects activity min width/height in multi window: 0
2024-06-19 12:07:32,741 INFO     SpecsInfo.MobileSpecsInfo  [MobileSpecsInfo.py:96] [MainThread]               Command Executed : adb wait-for-device  shell  wm  get-multi-window-config 
2024-06-19 12:07:32,741 INFO     SpecsInfo.MobileSpecsInfo  [MobileSpecsInfo.py:98] [MainThread]                 Command Status :                        Success
2024-06-19 12:07:32,742 INFO     SpecsInfo.MobileSpecsInfo  [MobileSpecsInfo.py:101] [MainThread]                 Command Output : Supports non-resizable in multi window: 0
Respects activity min width/height in multi window: 0
